
> mtl-archives-search-monorepo@0.3.0 vectorize:text
> npm run vectorize:text --workspace=@mtl-archives/scripts


> @mtl-archives/scripts@0.1.0 vectorize:text
> tsx src/vectorize/ingest-text.ts

Reading manifest from: /Users/wiel/Development/mtl-archives-search/data/mtl_archives/manifest_vlm_complete.jsonl
Ingesting 14822 records into index "mtl-archives"...
  - 14575 with VLM captions (will use vlm_caption)
  - 247 without (will use original metadata)
Upserted 16/14822
Upserted 32/14822
Upserted 48/14822
Upserted 64/14822
Upserted 80/14822
Upserted 96/14822
Upserted 112/14822
Upserted 128/14822
Upserted 144/14822
Upserted 160/14822
Upserted 176/14822
Upserted 192/14822
Upserted 208/14822
Upserted 224/14822
Upserted 240/14822
Upserted 256/14822
Upserted 272/14822
Upserted 288/14822
Upserted 304/14822
Upserted 320/14822
Upserted 336/14822
Upserted 352/14822
Upserted 368/14822
Upserted 384/14822
Upserted 400/14822
Upserted 416/14822
Upserted 432/14822
Upserted 448/14822
Upserted 464/14822
Upserted 480/14822
Upserted 496/14822
Upserted 512/14822
Upserted 528/14822
Upserted 544/14822
Upserted 560/14822
Upserted 576/14822
Upserted 592/14822
Upserted 608/14822
Upserted 624/14822
Upserted 640/14822
Upserted 656/14822
Upserted 672/14822
Upserted 688/14822
Upserted 704/14822
Upserted 720/14822
Upserted 736/14822
Upserted 752/14822
Upserted 768/14822
Upserted 784/14822
Upserted 800/14822
Upserted 816/14822
Upserted 832/14822
Upserted 848/14822
Upserted 864/14822
Upserted 880/14822
Upserted 896/14822
Upserted 912/14822
Upserted 928/14822
Upserted 944/14822
Upserted 960/14822
Upserted 976/14822
Upserted 992/14822
Upserted 1008/14822
Upserted 1024/14822
Upserted 1040/14822
Upserted 1056/14822
Upserted 1072/14822
Upserted 1088/14822
Batch 1088 failed: fetch failed
Upserted 1120/14822
Upserted 1136/14822
Upserted 1152/14822
Upserted 1168/14822
Upserted 1184/14822
Upserted 1200/14822
Upserted 1216/14822
Upserted 1232/14822
Upserted 1248/14822
Upserted 1264/14822
Upserted 1280/14822
Upserted 1296/14822
Upserted 1312/14822
Upserted 1328/14822
Upserted 1344/14822
Upserted 1360/14822
Upserted 1376/14822
Upserted 1392/14822
Upserted 1408/14822
Upserted 1424/14822
Upserted 1440/14822
Upserted 1456/14822
Upserted 1472/14822
Upserted 1488/14822
Upserted 1504/14822
Upserted 1520/14822
Upserted 1536/14822
Upserted 1552/14822
Upserted 1568/14822
Upserted 1584/14822
Upserted 1600/14822
Upserted 1616/14822
Upserted 1632/14822
Upserted 1648/14822
Upserted 1664/14822
Upserted 1680/14822
Upserted 1696/14822
Upserted 1712/14822
Upserted 1728/14822
Upserted 1744/14822
Upserted 1760/14822
Upserted 1776/14822
Upserted 1792/14822
Batch 1792 failed: fetch failed
Upserted 1824/14822
Upserted 1840/14822
Upserted 1856/14822
Upserted 1872/14822
Upserted 1888/14822
Upserted 1904/14822
Upserted 1920/14822
Upserted 1936/14822
Upserted 1952/14822
Upserted 1968/14822
Upserted 1984/14822
Upserted 2000/14822
Upserted 2016/14822
Upserted 2032/14822
Upserted 2048/14822
Upserted 2064/14822
Upserted 2080/14822
Upserted 2096/14822
Upserted 2112/14822
Upserted 2128/14822
Upserted 2144/14822
Upserted 2160/14822
Upserted 2176/14822
Upserted 2192/14822
Upserted 2208/14822
Upserted 2224/14822
Upserted 2240/14822
Batch 2240 failed: This operation was aborted
Batch 2256 failed: This operation was aborted
Upserted 2288/14822
Upserted 2304/14822
Upserted 2320/14822
Upserted 2336/14822
Upserted 2352/14822
Upserted 2368/14822
Upserted 2384/14822
Upserted 2400/14822
Upserted 2416/14822
Upserted 2432/14822
Upserted 2448/14822
Upserted 2464/14822
Upserted 2480/14822
Upserted 2496/14822
Upserted 2512/14822
Upserted 2528/14822
Upserted 2544/14822
Upserted 2560/14822
Upserted 2576/14822
Upserted 2592/14822
Upserted 2608/14822
Upserted 2624/14822
Upserted 2640/14822
Upserted 2656/14822
Upserted 2672/14822
Upserted 2688/14822
Upserted 2704/14822
Upserted 2720/14822
Upserted 2736/14822
Upserted 2752/14822
Upserted 2768/14822
Upserted 2784/14822
Upserted 2800/14822
Upserted 2816/14822
Upserted 2832/14822
Upserted 2848/14822
Upserted 2864/14822
Upserted 2880/14822
Upserted 2896/14822
Upserted 2912/14822
Upserted 2928/14822
Upserted 2944/14822
Upserted 2960/14822
Upserted 2976/14822
Upserted 2992/14822
Upserted 3008/14822
Upserted 3024/14822
Upserted 3040/14822
Upserted 3056/14822
Upserted 3072/14822
Upserted 3088/14822
Upserted 3104/14822
Upserted 3120/14822
Upserted 3136/14822
Upserted 3152/14822
Upserted 3168/14822
Upserted 3184/14822
Upserted 3200/14822
Upserted 3216/14822
Upserted 3232/14822
Upserted 3248/14822
Upserted 3264/14822
Upserted 3280/14822
Upserted 3296/14822
Upserted 3312/14822
Upserted 3328/14822
Upserted 3344/14822
Upserted 3360/14822
Upserted 3376/14822
Upserted 3392/14822
Upserted 3408/14822
Upserted 3424/14822
Upserted 3440/14822
Upserted 3456/14822
Upserted 3472/14822
Upserted 3488/14822
Upserted 3504/14822
Upserted 3520/14822
Upserted 3536/14822
Upserted 3552/14822
Upserted 3568/14822
Upserted 3584/14822
Upserted 3600/14822
Upserted 3616/14822
Upserted 3632/14822
Upserted 3648/14822
Upserted 3664/14822
Upserted 3680/14822
Upserted 3696/14822
Upserted 3712/14822
Upserted 3728/14822
Upserted 3744/14822
Upserted 3760/14822
Upserted 3776/14822
Upserted 3792/14822
Upserted 3808/14822
Upserted 3824/14822
Upserted 3840/14822
Upserted 3856/14822
Upserted 3872/14822
Upserted 3888/14822
Upserted 3904/14822
Upserted 3920/14822
Upserted 3936/14822
Upserted 3952/14822
Upserted 3968/14822
Upserted 3984/14822
Upserted 4000/14822
Upserted 4016/14822
Upserted 4032/14822
Upserted 4048/14822
Upserted 4064/14822
Upserted 4080/14822
Upserted 4096/14822
Upserted 4112/14822
Upserted 4128/14822
Upserted 4144/14822
Batch 4144 failed: fetch failed
Upserted 4176/14822
Upserted 4192/14822
Upserted 4208/14822
Upserted 4224/14822
Upserted 4240/14822
Upserted 4256/14822
Upserted 4272/14822
Upserted 4288/14822
Upserted 4304/14822
Upserted 4320/14822
Upserted 4336/14822
Upserted 4352/14822
Upserted 4368/14822
Upserted 4384/14822
Upserted 4400/14822
Upserted 4416/14822
Upserted 4432/14822
Upserted 4448/14822
Upserted 4464/14822
Upserted 4480/14822
Upserted 4496/14822
Upserted 4512/14822
Upserted 4528/14822
Upserted 4544/14822
Upserted 4560/14822
Upserted 4576/14822
Upserted 4592/14822
Upserted 4608/14822
Upserted 4624/14822
Upserted 4640/14822
Upserted 4656/14822
Upserted 4672/14822
Upserted 4688/14822
Upserted 4704/14822
Upserted 4720/14822
Upserted 4736/14822
Upserted 4752/14822
Upserted 4768/14822
Upserted 4784/14822
Upserted 4800/14822
Upserted 4816/14822
Upserted 4832/14822
Upserted 4848/14822
Upserted 4864/14822
Upserted 4880/14822
Upserted 4896/14822
Upserted 4912/14822
Upserted 4928/14822
Upserted 4944/14822
Upserted 4960/14822
Upserted 4976/14822
Upserted 4992/14822
Upserted 5008/14822
Upserted 5024/14822
Upserted 5040/14822
Upserted 5056/14822
Upserted 5072/14822
Upserted 5088/14822
Upserted 5104/14822
Upserted 5120/14822
Upserted 5136/14822
Upserted 5152/14822
Upserted 5168/14822
Upserted 5184/14822
Upserted 5200/14822
Upserted 5216/14822
Upserted 5232/14822
Upserted 5248/14822
Upserted 5264/14822
Upserted 5280/14822
Upserted 5296/14822
Upserted 5312/14822
Upserted 5328/14822
Upserted 5344/14822
Batch 5344 failed: fetch failed
Upserted 5376/14822
Upserted 5392/14822
Upserted 5408/14822
Upserted 5424/14822
Upserted 5440/14822
Upserted 5456/14822
Upserted 5472/14822
Upserted 5488/14822
Upserted 5504/14822
Upserted 5520/14822
Upserted 5536/14822
Upserted 5552/14822
Upserted 5568/14822
Upserted 5584/14822
Upserted 5600/14822
Upserted 5616/14822
Upserted 5632/14822
Upserted 5648/14822
Upserted 5664/14822
Upserted 5680/14822
Upserted 5696/14822
Upserted 5712/14822
Upserted 5728/14822
Upserted 5744/14822
Upserted 5760/14822
Upserted 5776/14822
Upserted 5792/14822
Upserted 5808/14822
Batch 5808 failed: fetch failed
Upserted 5840/14822
Upserted 5856/14822
Upserted 5872/14822
Upserted 5888/14822
Upserted 5904/14822
Upserted 5920/14822
Upserted 5936/14822
Upserted 5952/14822
Upserted 5968/14822
Upserted 5984/14822
Upserted 6000/14822
Upserted 6016/14822
Upserted 6032/14822
Upserted 6048/14822
Upserted 6064/14822
Upserted 6080/14822
Upserted 6096/14822
Upserted 6112/14822
Upserted 6128/14822
Upserted 6144/14822
Upserted 6160/14822
Upserted 6176/14822
Upserted 6192/14822
Upserted 6208/14822
Upserted 6224/14822
Upserted 6240/14822
Upserted 6256/14822
Upserted 6272/14822
Upserted 6288/14822
Upserted 6304/14822
Upserted 6320/14822
Upserted 6336/14822
Upserted 6352/14822
Upserted 6368/14822
Upserted 6384/14822
Upserted 6400/14822
Upserted 6416/14822
Upserted 6432/14822
Upserted 6448/14822
Upserted 6464/14822
Upserted 6480/14822
Upserted 6496/14822
Upserted 6512/14822
Upserted 6528/14822
Upserted 6544/14822
Upserted 6560/14822
Upserted 6576/14822
Upserted 6592/14822
Upserted 6608/14822
Upserted 6624/14822
Upserted 6640/14822
Upserted 6656/14822
Upserted 6672/14822
Upserted 6688/14822
Upserted 6704/14822
Upserted 6720/14822
Upserted 6736/14822
Upserted 6752/14822
Upserted 6768/14822
Upserted 6784/14822
Upserted 6800/14822
Upserted 6816/14822
Upserted 6832/14822
Upserted 6848/14822
Upserted 6864/14822
Upserted 6880/14822
Upserted 6896/14822
Upserted 6912/14822
Upserted 6928/14822
Upserted 6944/14822
Upserted 6960/14822
Upserted 6976/14822
Upserted 6992/14822
Upserted 7008/14822
Upserted 7024/14822
Upserted 7040/14822
Upserted 7056/14822
Upserted 7072/14822
Upserted 7088/14822
Upserted 7104/14822
Upserted 7120/14822
Upserted 7136/14822
Upserted 7152/14822
Upserted 7168/14822
Upserted 7184/14822
Upserted 7200/14822
Upserted 7216/14822
Upserted 7232/14822
Upserted 7248/14822
Upserted 7264/14822
Upserted 7280/14822
Upserted 7296/14822
Upserted 7312/14822
Upserted 7328/14822
Upserted 7344/14822
Upserted 7360/14822
Upserted 7376/14822
Upserted 7392/14822
Upserted 7408/14822
Upserted 7424/14822
Upserted 7440/14822
Upserted 7456/14822
Upserted 7472/14822
Upserted 7488/14822
Upserted 7504/14822
Upserted 7520/14822
Upserted 7536/14822
Upserted 7552/14822
Batch 7552 failed: This operation was aborted
Upserted 7584/14822
Upserted 7600/14822
Upserted 7616/14822
Upserted 7632/14822
Upserted 7648/14822
Upserted 7664/14822
Upserted 7680/14822
Upserted 7696/14822
Upserted 7712/14822
Upserted 7728/14822
Upserted 7744/14822
Upserted 7760/14822
Upserted 7776/14822
Upserted 7792/14822
Upserted 7808/14822
Upserted 7824/14822
Upserted 7840/14822
Upserted 7856/14822
Upserted 7872/14822
Upserted 7888/14822
Upserted 7904/14822
Upserted 7920/14822
Upserted 7936/14822
Upserted 7952/14822
Upserted 7968/14822
Upserted 7984/14822
Upserted 8000/14822
Upserted 8016/14822
Upserted 8032/14822
Upserted 8048/14822
Upserted 8064/14822
Upserted 8080/14822
Upserted 8096/14822
Upserted 8112/14822
Upserted 8128/14822
Upserted 8144/14822
Upserted 8160/14822
Upserted 8176/14822
Upserted 8192/14822
Upserted 8208/14822
Upserted 8224/14822
Upserted 8240/14822
Upserted 8256/14822
Upserted 8272/14822
Upserted 8288/14822
Upserted 8304/14822
Upserted 8320/14822
Upserted 8336/14822
Upserted 8352/14822
Upserted 8368/14822
Upserted 8384/14822
Upserted 8400/14822
Upserted 8416/14822
Upserted 8432/14822
Upserted 8448/14822
Upserted 8464/14822
Upserted 8480/14822
Upserted 8496/14822
Upserted 8512/14822
Upserted 8528/14822
Upserted 8544/14822
Upserted 8560/14822
Upserted 8576/14822
Upserted 8592/14822
Upserted 8608/14822
Upserted 8624/14822
Upserted 8640/14822
Upserted 8656/14822
Upserted 8672/14822
Upserted 8688/14822
Upserted 8704/14822
Upserted 8720/14822
Upserted 8736/14822
Upserted 8752/14822
Upserted 8768/14822
Upserted 8784/14822
Upserted 8800/14822
Upserted 8816/14822
Upserted 8832/14822
Upserted 8848/14822
Upserted 8864/14822
Upserted 8880/14822
Upserted 8896/14822
Upserted 8912/14822
Upserted 8928/14822
Upserted 8944/14822
Upserted 8960/14822
Upserted 8976/14822
Upserted 8992/14822
Upserted 9008/14822
Upserted 9024/14822
Upserted 9040/14822
Upserted 9056/14822
Upserted 9072/14822
Upserted 9088/14822
Upserted 9104/14822
Upserted 9120/14822
Upserted 9136/14822
Upserted 9152/14822
Upserted 9168/14822
Upserted 9184/14822
Upserted 9200/14822
Upserted 9216/14822
Upserted 9232/14822
Upserted 9248/14822
Upserted 9264/14822
Upserted 9280/14822
Upserted 9296/14822
Upserted 9312/14822
Upserted 9328/14822
Upserted 9344/14822
Upserted 9360/14822
Upserted 9376/14822
Upserted 9392/14822
Upserted 9408/14822
Upserted 9424/14822
Upserted 9440/14822
Upserted 9456/14822
Upserted 9472/14822
Upserted 9488/14822
Upserted 9504/14822
Upserted 9520/14822
Upserted 9536/14822
Upserted 9552/14822
Upserted 9568/14822
Upserted 9584/14822
Upserted 9600/14822
Upserted 9616/14822
Upserted 9632/14822
Upserted 9648/14822
Upserted 9664/14822
Upserted 9680/14822
Upserted 9696/14822
Upserted 9712/14822
Upserted 9728/14822
Upserted 9744/14822
Upserted 9760/14822
Upserted 9776/14822
Upserted 9792/14822
Upserted 9808/14822
Upserted 9824/14822
Upserted 9840/14822
Upserted 9856/14822
Upserted 9872/14822
Upserted 9888/14822
Upserted 9904/14822
Upserted 9920/14822
Upserted 9936/14822
Upserted 9952/14822
Upserted 9968/14822
Upserted 9984/14822
Upserted 10000/14822
Upserted 10016/14822
Upserted 10032/14822
Upserted 10048/14822
Upserted 10064/14822
Upserted 10080/14822
Upserted 10096/14822
Upserted 10112/14822
Upserted 10128/14822
Upserted 10144/14822
Upserted 10160/14822
Upserted 10176/14822
Upserted 10192/14822
Upserted 10208/14822
Upserted 10224/14822
Upserted 10240/14822
Upserted 10256/14822
Upserted 10272/14822
Upserted 10288/14822
Upserted 10304/14822
Upserted 10320/14822
Upserted 10336/14822
Upserted 10352/14822
Upserted 10368/14822
Upserted 10384/14822
Upserted 10400/14822
Upserted 10416/14822
Upserted 10432/14822
Upserted 10448/14822
Upserted 10464/14822
Upserted 10480/14822
Upserted 10496/14822
Upserted 10512/14822
Upserted 10528/14822
Upserted 10544/14822
Upserted 10560/14822
Upserted 10576/14822
Upserted 10592/14822
Upserted 10608/14822
Upserted 10624/14822
Upserted 10640/14822
Upserted 10656/14822
Upserted 10672/14822
Upserted 10688/14822
Upserted 10704/14822
Upserted 10720/14822
Upserted 10736/14822
Upserted 10752/14822
Upserted 10768/14822
Upserted 10784/14822
Upserted 10800/14822
Upserted 10816/14822
Upserted 10832/14822
Upserted 10848/14822
Upserted 10864/14822
Upserted 10880/14822
Upserted 10896/14822
Upserted 10912/14822
Upserted 10928/14822
Upserted 10944/14822
Upserted 10960/14822
Upserted 10976/14822
Upserted 10992/14822
Upserted 11008/14822
Upserted 11024/14822
Upserted 11040/14822
Upserted 11056/14822
Upserted 11072/14822
Upserted 11088/14822
Upserted 11104/14822
Upserted 11120/14822
Upserted 11136/14822
Upserted 11152/14822
Upserted 11168/14822
Upserted 11184/14822
Upserted 11200/14822
Upserted 11216/14822
Upserted 11232/14822
Upserted 11248/14822
Upserted 11264/14822
Upserted 11280/14822
Upserted 11296/14822
Upserted 11312/14822
Upserted 11328/14822
Upserted 11344/14822
Upserted 11360/14822
Upserted 11376/14822
Upserted 11392/14822
Upserted 11408/14822
Upserted 11424/14822
Upserted 11440/14822
Upserted 11456/14822
Upserted 11472/14822
Upserted 11488/14822
Upserted 11504/14822
Upserted 11520/14822
Upserted 11536/14822
Upserted 11552/14822
Upserted 11568/14822
Upserted 11584/14822
Upserted 11600/14822
Upserted 11616/14822
Upserted 11632/14822
Upserted 11648/14822
Upserted 11664/14822
Upserted 11680/14822
Upserted 11696/14822
Upserted 11712/14822
Upserted 11728/14822
Upserted 11744/14822
Upserted 11760/14822
Upserted 11776/14822
Upserted 11792/14822
Upserted 11808/14822
Upserted 11824/14822
Upserted 11840/14822
Upserted 11856/14822
Upserted 11872/14822
Upserted 11888/14822
Upserted 11904/14822
Upserted 11920/14822
Upserted 11936/14822
Upserted 11952/14822
Upserted 11968/14822
Upserted 11984/14822
Upserted 12000/14822
Upserted 12016/14822
Upserted 12032/14822
Upserted 12048/14822
Upserted 12064/14822
Upserted 12080/14822
Upserted 12096/14822
Upserted 12112/14822
Upserted 12128/14822
Upserted 12144/14822
Upserted 12160/14822
Upserted 12176/14822
Upserted 12192/14822
Upserted 12208/14822
Upserted 12224/14822
Upserted 12240/14822
Upserted 12256/14822
Upserted 12272/14822
Upserted 12288/14822
Batch 12288 failed: fetch failed
Upserted 12320/14822
Upserted 12336/14822
Upserted 12352/14822
Upserted 12368/14822
Upserted 12384/14822
Upserted 12400/14822
Upserted 12416/14822
Upserted 12432/14822
Upserted 12448/14822
Upserted 12464/14822
Upserted 12480/14822
Upserted 12496/14822
Upserted 12512/14822
Upserted 12528/14822
Upserted 12544/14822
Upserted 12560/14822
Upserted 12576/14822
Upserted 12592/14822
Upserted 12608/14822
Upserted 12624/14822
Upserted 12640/14822
Upserted 12656/14822
Upserted 12672/14822
Upserted 12688/14822
Upserted 12704/14822
Upserted 12720/14822
Upserted 12736/14822
Upserted 12752/14822
Upserted 12768/14822
Batch 12768 failed: fetch failed
Upserted 12800/14822
Upserted 12816/14822
Upserted 12832/14822
Upserted 12848/14822
Upserted 12864/14822
Upserted 12880/14822
Upserted 12896/14822
Upserted 12912/14822
Upserted 12928/14822
Upserted 12944/14822
Upserted 12960/14822
Upserted 12976/14822
Upserted 12992/14822
Upserted 13008/14822
Upserted 13024/14822
Upserted 13040/14822
Upserted 13056/14822
Upserted 13072/14822
Upserted 13088/14822
Upserted 13104/14822
Upserted 13120/14822
Upserted 13136/14822
Upserted 13152/14822
Upserted 13168/14822
Upserted 13184/14822
Upserted 13200/14822
Upserted 13216/14822
Upserted 13232/14822
Upserted 13248/14822
Upserted 13264/14822
Upserted 13280/14822
Upserted 13296/14822
Upserted 13312/14822
Upserted 13328/14822
Upserted 13344/14822
Upserted 13360/14822
Upserted 13376/14822
Upserted 13392/14822
Upserted 13408/14822
Upserted 13424/14822
Upserted 13440/14822
Upserted 13456/14822
Upserted 13472/14822
Upserted 13488/14822
Upserted 13504/14822
Upserted 13520/14822
Batch 13520 failed: This operation was aborted
Upserted 13552/14822
Upserted 13568/14822
Upserted 13584/14822
Upserted 13600/14822
Upserted 13616/14822
Upserted 13632/14822
Upserted 13648/14822
Upserted 13664/14822
Upserted 13680/14822
Upserted 13696/14822
Upserted 13712/14822
Upserted 13728/14822
Upserted 13744/14822
Batch 13744 failed: This operation was aborted
Upserted 13776/14822
Upserted 13792/14822
Upserted 13808/14822
Batch 13808 failed: This operation was aborted
Upserted 13840/14822
Upserted 13856/14822
Upserted 13872/14822
Upserted 13888/14822
Upserted 13904/14822
Upserted 13920/14822
Upserted 13936/14822
Upserted 13952/14822
Upserted 13968/14822
Upserted 13984/14822
Batch 13984 failed: This operation was aborted
Upserted 14016/14822
Upserted 14032/14822
Upserted 14048/14822
Upserted 14064/14822
Upserted 14080/14822
Upserted 14096/14822
Batch 14096 failed: This operation was aborted
Upserted 14128/14822
Upserted 14144/14822
Upserted 14160/14822
Upserted 14176/14822
Batch 14176 failed: This operation was aborted
Upserted 14208/14822
Upserted 14224/14822
Upserted 14240/14822
Upserted 14256/14822
Upserted 14272/14822
Batch 14272 failed: This operation was aborted
Upserted 14304/14822
Upserted 14320/14822
Upserted 14336/14822
Upserted 14352/14822
Upserted 14368/14822
Batch 14368 failed: This operation was aborted
Upserted 14400/14822
Upserted 14416/14822
Upserted 14432/14822
Upserted 14448/14822
Upserted 14464/14822
Upserted 14480/14822
Upserted 14496/14822
Upserted 14512/14822
Upserted 14528/14822
Upserted 14544/14822
Upserted 14560/14822
Batch 14560 failed: This operation was aborted
Upserted 14592/14822
Upserted 14608/14822
Upserted 14624/14822
Upserted 14640/14822
Upserted 14656/14822
Upserted 14672/14822
Upserted 14688/14822
Upserted 14704/14822
Upserted 14720/14822
Upserted 14736/14822
Upserted 14752/14822
Batch 14752 failed: This operation was aborted
Batch 14768 failed: fetch failed
Batch 14784 failed: fetch failed
Batch 14800 failed: fetch failed
Batch 14816 failed: fetch failed
Ingestion complete.
