0 info it worked if it ends with ok
1 verbose cli [ '/usr/local/bin/node',
1 verbose cli   '/usr/local/lib/node_modules/npm/bin/npm-cli.js',
1 verbose cli   'install',
1 verbose cli   'wrangler@latest',
1 verbose cli   '--global',
1 verbose cli   '--prefix',
1 verbose cli   '/Users/wiel/Development/mtl-archives-cloudflare/.npm-cache/_npx/26098',
1 verbose cli   '--loglevel',
1 verbose cli   'error',
1 verbose cli   '--json' ]
2 info using npm@6.4.1
3 info using node@v10.15.0
4 verbose npm-session d87c8b864416007c
5 silly install loadCurrentTree
6 silly install readGlobalPackageData
7 silly fetchPackageMetaData error for wrangler@latest request to https://registry.npmjs.org/wrangler failed, reason: getaddrinfo ENOTFOUND registry.npmjs.org registry.npmjs.org:443
8 timing stage:rollbackFailedOptional Completed in 7ms
9 timing stage:runTopLevelLifecycles Completed in 601ms
10 verbose type system
11 verbose stack FetchError: request to https://registry.npmjs.org/wrangler failed, reason: getaddrinfo ENOTFOUND registry.npmjs.org registry.npmjs.org:443
11 verbose stack     at ClientRequest.req.on.err (/usr/local/lib/node_modules/npm/node_modules/node-fetch-npm/src/index.js:68:14)
11 verbose stack     at ClientRequest.emit (events.js:182:13)
11 verbose stack     at TLSSocket.socketErrorListener (_http_client.js:392:9)
11 verbose stack     at TLSSocket.emit (events.js:182:13)
11 verbose stack     at emitErrorNT (internal/streams/destroy.js:82:8)
11 verbose stack     at emitErrorAndCloseNT (internal/streams/destroy.js:50:3)
11 verbose stack     at process._tickCallback (internal/process/next_tick.js:63:19)
12 verbose cwd /Users/wiel/Development/mtl-archives-cloudflare
13 verbose Darwin 25.0.0
14 verbose argv "/usr/local/bin/node" "/usr/local/lib/node_modules/npm/bin/npm-cli.js" "install" "wrangler@latest" "--global" "--prefix" "/Users/wiel/Development/mtl-archives-cloudflare/.npm-cache/_npx/26098" "--loglevel" "error" "--json"
15 verbose node v10.15.0
16 verbose npm  v6.4.1
17 error code ENOTFOUND
18 error errno ENOTFOUND
19 error network request to https://registry.npmjs.org/wrangler failed, reason: getaddrinfo ENOTFOUND registry.npmjs.org registry.npmjs.org:443
20 error network This is a problem related to network connectivity.
20 error network In most cases you are behind a proxy or have bad network settings.
20 error network
20 error network If you are behind a proxy, please make sure that the
20 error network 'proxy' config is set properly.  See: 'npm help config'
21 verbose exit [ 1, true ]
